<?xml version="1.0" encoding="UTF-8"?>
<testng-results ignored="0" total="1" passed="1" failed="0" skipped="0">
  <reporter-output>
  </reporter-output>
  <suite started-at="2025-08-28T17:07:09 IST" name="Default suite" finished-at="2025-08-28T17:07:46 IST" duration-ms="37240">
    <groups>
    </groups>
    <test started-at="2025-08-28T17:07:09 IST" name="Default test" finished-at="2025-08-28T17:07:46 IST" duration-ms="37240">
      <class name="pack1.Project_REG_EndToEnd_05">
        <test-method is-config="true" signature="setup()[pri:0, instance:pack1.Project_REG_EndToEnd_05@51399530]" started-at="2025-08-28T17:07:09 IST" name="setup" finished-at="2025-08-28T17:07:14 IST" duration-ms="5571" status="PASS">
          <reporter-output>
          </reporter-output>
        </test-method> <!-- setup -->
        <test-method signature="cartPersistenceFlow()[pri:0, instance:pack1.Project_REG_EndToEnd_05@51399530]" started-at="2025-08-28T17:07:14 IST" name="cartPersistenceFlow" finished-at="2025-08-28T17:07:40 IST" duration-ms="25026" status="PASS">
          <reporter-output>
          </reporter-output>
        </test-method> <!-- cartPersistenceFlow -->
        <test-method is-config="true" signature="tearDown()[pri:0, instance:pack1.Project_REG_EndToEnd_05@51399530]" started-at="2025-08-28T17:07:40 IST" name="tearDown" finished-at="2025-08-28T17:07:46 IST" duration-ms="6508" status="PASS">
          <reporter-output>
          </reporter-output>
        </test-method> <!-- tearDown -->
      </class> <!-- pack1.Project_REG_EndToEnd_05 -->
    </test> <!-- Default test -->
  </suite> <!-- Default suite -->
</testng-results>
