<?xml version="1.0" encoding="UTF-8"?>
<testng-results ignored="0" total="4" passed="4" failed="0" skipped="0">
  <reporter-output>
  </reporter-output>
  <suite started-at="2025-08-26T15:44:16 IST" name="Suite" finished-at="2025-08-26T15:44:51 IST" duration-ms="34941">
    <groups>
    </groups>
    <test started-at="2025-08-26T15:44:16 IST" name="ChromeTest" finished-at="2025-08-26T15:44:34 IST" duration-ms="18126">
      <class name="pack1.Lab9_1">
        <test-method is-config="true" signature="beforeClass()[pri:0, instance:pack1.Lab9_1@2d3379b4]" started-at="2025-08-26T15:44:16 IST" name="beforeClass" finished-at="2025-08-26T15:44:16 IST" duration-ms="1" status="PASS">
          <reporter-output>
          </reporter-output>
        </test-method> <!-- beforeClass -->
        <test-method is-config="true" signature="beforeMethod(java.lang.String)[pri:0, instance:pack1.Lab9_1@2d3379b4]" started-at="2025-08-26T15:44:16 IST" name="beforeMethod" finished-at="2025-08-26T15:44:23 IST" duration-ms="6555" status="PASS">
          <params>
            <param index="0">
              <value>
                <![CDATA[chrome]]>
              </value>
            </param>
          </params>
          <reporter-output>
          </reporter-output>
        </test-method> <!-- beforeMethod -->
        <test-method signature="test()[pri:0, instance:pack1.Lab9_1@2d3379b4]" started-at="2025-08-26T15:44:23 IST" name="test" finished-at="2025-08-26T15:44:25 IST" duration-ms="2403" status="PASS">
          <reporter-output>
          </reporter-output>
        </test-method> <!-- test -->
        <test-method is-config="true" signature="afterMethod()[pri:0, instance:pack1.Lab9_1@2d3379b4]" started-at="2025-08-26T15:44:25 IST" name="afterMethod" finished-at="2025-08-26T15:44:26 IST" duration-ms="501" status="PASS">
          <reporter-output>
          </reporter-output>
        </test-method> <!-- afterMethod -->
        <test-method is-config="true" signature="afterClass()[pri:0, instance:pack1.Lab9_1@2d3379b4]" started-at="2025-08-26T15:44:26 IST" name="afterClass" finished-at="2025-08-26T15:44:26 IST" duration-ms="0" status="PASS">
          <reporter-output>
          </reporter-output>
        </test-method> <!-- afterClass -->
      </class> <!-- pack1.Lab9_1 -->
      <class name="pack1.Lab9_2">
        <test-method is-config="true" signature="beforeTest()[pri:0, instance:pack1.Lab9_2@5b7a5baa]" started-at="2025-08-26T15:44:16 IST" name="beforeTest" finished-at="2025-08-26T15:44:16 IST" duration-ms="3" status="PASS">
          <reporter-output>
          </reporter-output>
        </test-method> <!-- beforeTest -->
        <test-method is-config="true" signature="beforeClass()[pri:0, instance:pack1.Lab9_2@5b7a5baa]" started-at="2025-08-26T15:44:26 IST" name="beforeClass" finished-at="2025-08-26T15:44:26 IST" duration-ms="0" status="PASS">
          <reporter-output>
          </reporter-output>
        </test-method> <!-- beforeClass -->
        <test-method is-config="true" signature="beforeMethod(java.lang.String)[pri:0, instance:pack1.Lab9_2@5b7a5baa]" started-at="2025-08-26T15:44:26 IST" name="beforeMethod" finished-at="2025-08-26T15:44:28 IST" duration-ms="2514" status="PASS">
          <params>
            <param index="0">
              <value>
                <![CDATA[chrome]]>
              </value>
            </param>
          </params>
          <reporter-output>
          </reporter-output>
        </test-method> <!-- beforeMethod -->
        <test-method signature="testFlow()[pri:0, instance:pack1.Lab9_2@5b7a5baa]" started-at="2025-08-26T15:44:28 IST" name="testFlow" finished-at="2025-08-26T15:44:32 IST" duration-ms="4062" status="PASS">
          <reporter-output>
          </reporter-output>
        </test-method> <!-- testFlow -->
        <test-method is-config="true" signature="afterMethod()[pri:0, instance:pack1.Lab9_2@5b7a5baa]" started-at="2025-08-26T15:44:32 IST" name="afterMethod" finished-at="2025-08-26T15:44:34 IST" duration-ms="1987" status="PASS">
          <reporter-output>
          </reporter-output>
        </test-method> <!-- afterMethod -->
        <test-method is-config="true" signature="afterClass()[pri:0, instance:pack1.Lab9_2@5b7a5baa]" started-at="2025-08-26T15:44:34 IST" name="afterClass" finished-at="2025-08-26T15:44:34 IST" duration-ms="1" status="PASS">
          <reporter-output>
          </reporter-output>
        </test-method> <!-- afterClass -->
        <test-method is-config="true" signature="afterTest()[pri:0, instance:pack1.Lab9_2@5b7a5baa]" started-at="2025-08-26T15:44:34 IST" name="afterTest" finished-at="2025-08-26T15:44:34 IST" duration-ms="1" status="PASS">
          <reporter-output>
          </reporter-output>
        </test-method> <!-- afterTest -->
      </class> <!-- pack1.Lab9_2 -->
    </test> <!-- ChromeTest -->
    <test started-at="2025-08-26T15:44:34 IST" name="EdgeTest" finished-at="2025-08-26T15:44:51 IST" duration-ms="16779">
      <class name="pack1.Lab9_1">
        <test-method is-config="true" signature="beforeClass()[pri:0, instance:pack1.Lab9_1@1fa121e2]" started-at="2025-08-26T15:44:34 IST" name="beforeClass" finished-at="2025-08-26T15:44:34 IST" duration-ms="2" status="PASS">
          <reporter-output>
          </reporter-output>
        </test-method> <!-- beforeClass -->
        <test-method is-config="true" signature="beforeMethod(java.lang.String)[pri:0, instance:pack1.Lab9_1@1fa121e2]" started-at="2025-08-26T15:44:34 IST" name="beforeMethod" finished-at="2025-08-26T15:44:40 IST" duration-ms="5244" status="PASS">
          <params>
            <param index="0">
              <value>
                <![CDATA[edge]]>
              </value>
            </param>
          </params>
          <reporter-output>
          </reporter-output>
        </test-method> <!-- beforeMethod -->
        <test-method signature="test()[pri:0, instance:pack1.Lab9_1@1fa121e2]" started-at="2025-08-26T15:44:40 IST" name="test" finished-at="2025-08-26T15:44:42 IST" duration-ms="2784" status="PASS">
          <reporter-output>
          </reporter-output>
        </test-method> <!-- test -->
        <test-method is-config="true" signature="afterMethod()[pri:0, instance:pack1.Lab9_1@1fa121e2]" started-at="2025-08-26T15:44:42 IST" name="afterMethod" finished-at="2025-08-26T15:44:44 IST" duration-ms="1090" status="PASS">
          <reporter-output>
          </reporter-output>
        </test-method> <!-- afterMethod -->
        <test-method is-config="true" signature="afterClass()[pri:0, instance:pack1.Lab9_1@1fa121e2]" started-at="2025-08-26T15:44:44 IST" name="afterClass" finished-at="2025-08-26T15:44:44 IST" duration-ms="2" status="PASS">
          <reporter-output>
          </reporter-output>
        </test-method> <!-- afterClass -->
      </class> <!-- pack1.Lab9_1 -->
      <class name="pack1.Lab9_2">
        <test-method is-config="true" signature="beforeSuite()[pri:0, instance:pack1.Lab9_2@7eac9008]" started-at="2025-08-26T15:44:16 IST" name="beforeSuite" finished-at="2025-08-26T15:44:16 IST" duration-ms="24" status="PASS">
          <reporter-output>
          </reporter-output>
        </test-method> <!-- beforeSuite -->
        <test-method is-config="true" signature="beforeTest()[pri:0, instance:pack1.Lab9_2@7eac9008]" started-at="2025-08-26T15:44:34 IST" name="beforeTest" finished-at="2025-08-26T15:44:34 IST" duration-ms="1" status="PASS">
          <reporter-output>
          </reporter-output>
        </test-method> <!-- beforeTest -->
        <test-method is-config="true" signature="beforeClass()[pri:0, instance:pack1.Lab9_2@7eac9008]" started-at="2025-08-26T15:44:44 IST" name="beforeClass" finished-at="2025-08-26T15:44:44 IST" duration-ms="0" status="PASS">
          <reporter-output>
          </reporter-output>
        </test-method> <!-- beforeClass -->
        <test-method is-config="true" signature="beforeMethod(java.lang.String)[pri:0, instance:pack1.Lab9_2@7eac9008]" started-at="2025-08-26T15:44:44 IST" name="beforeMethod" finished-at="2025-08-26T15:44:47 IST" duration-ms="3301" status="PASS">
          <params>
            <param index="0">
              <value>
                <![CDATA[edge]]>
              </value>
            </param>
          </params>
          <reporter-output>
          </reporter-output>
        </test-method> <!-- beforeMethod -->
        <test-method signature="testFlow()[pri:0, instance:pack1.Lab9_2@7eac9008]" started-at="2025-08-26T15:44:47 IST" name="testFlow" finished-at="2025-08-26T15:44:51 IST" duration-ms="3686" status="PASS">
          <reporter-output>
          </reporter-output>
        </test-method> <!-- testFlow -->
        <test-method is-config="true" signature="afterMethod()[pri:0, instance:pack1.Lab9_2@7eac9008]" started-at="2025-08-26T15:44:51 IST" name="afterMethod" finished-at="2025-08-26T15:44:51 IST" duration-ms="659" status="PASS">
          <reporter-output>
          </reporter-output>
        </test-method> <!-- afterMethod -->
        <test-method is-config="true" signature="afterClass()[pri:0, instance:pack1.Lab9_2@7eac9008]" started-at="2025-08-26T15:44:51 IST" name="afterClass" finished-at="2025-08-26T15:44:51 IST" duration-ms="1" status="PASS">
          <reporter-output>
          </reporter-output>
        </test-method> <!-- afterClass -->
        <test-method is-config="true" signature="afterTest()[pri:0, instance:pack1.Lab9_2@7eac9008]" started-at="2025-08-26T15:44:51 IST" name="afterTest" finished-at="2025-08-26T15:44:51 IST" duration-ms="0" status="PASS">
          <reporter-output>
          </reporter-output>
        </test-method> <!-- afterTest -->
        <test-method is-config="true" signature="afterSuite()[pri:0, instance:pack1.Lab9_2@7eac9008]" started-at="2025-08-26T15:44:51 IST" name="afterSuite" finished-at="2025-08-26T15:44:51 IST" duration-ms="0" status="PASS">
          <reporter-output>
          </reporter-output>
        </test-method> <!-- afterSuite -->
      </class> <!-- pack1.Lab9_2 -->
    </test> <!-- EdgeTest -->
  </suite> <!-- Suite -->
</testng-results>
