<?xml version="1.0" encoding="UTF-8"?>
<!-- Generated by org.testng.reporters.JUnitXMLReporter -->
<testsuite ignored="2" hostname="LAPTOP-QMA3PVOQ" failures="0" tests="2" name="Test" time="0.162" errors="0" timestamp="2025-08-26T15:23:10 IST">
  <testcase classname="pack1.TC012_Groups" name="test2" time="0.029"/>
  <testcase classname="pack1.TC012_Groups" name="test3" time="0.002"/>
  <testcase classname="pack1.TC012_Groups" name="test4" time="0.0">
    <ignored/>
  </testcase> <!-- test4 -->
  <testcase classname="pack1.TC012_Groups" name="test1" time="0.0">
    <ignored/>
  </testcase> <!-- test1 -->
</testsuite> <!-- Test -->
